***********************************************************************************************************************************************
*   The following results were generated the 12/22/2002 at 11:56:17 AM with Fstat for windows, V2.9.3  2 (Feb. 2002) from file PRU_Fstat.dat. *
***********************************************************************************************************************************************
***********************************************************************************************************************************************
*   The following results were generated the 12/22/2002 at 12:00:49 PM with Fstat for windows, V2.9.3  2 (Feb. 2002) from file PRU_Fstat.dat. *
***********************************************************************************************************************************************
      		NAVCOR	ROBLEH	CANMED	CALARI	TORCER	CABTEJ	NAVNOG	TORLLA	CANSAB	PRECAL	 All_W	All_UW
	    Locus: Fam001
	     N	   179	    11	    15	    24	    26	    14	    65	    18	    17	    19
	p: 109	 0.022	 0.000	 0.400	 0.021	 0.019	 0.000	 0.038	 0.000	 0.000	 0.000	 0.035	 0.050
	p: 113	 0.000	 0.000	 0.000	 0.042	 0.000	 0.000	 0.085	 0.000	 0.000	 0.000	 0.017	 0.013
	p: 117	 0.151	 0.136	 0.067	 0.083	 0.654	 0.500	 0.038	 0.333	 0.206	 0.211	 0.184	 0.238
	p: 119	 0.735	 0.273	 0.233	 0.521	 0.173	 0.500	 0.400	 0.389	 0.412	 0.737	 0.557	 0.437
	p: 121	 0.073	 0.000	 0.167	 0.083	 0.000	 0.000	 0.162	 0.000	 0.000	 0.000	 0.072	 0.048
	p: 125	 0.006	 0.000	 0.000	 0.021	 0.000	 0.000	 0.031	 0.000	 0.000	 0.026	 0.010	 0.008
	p: 127	 0.011	 0.591	 0.133	 0.188	 0.000	 0.000	 0.246	 0.278	 0.382	 0.000	 0.110	 0.183
	p: 129	 0.003	 0.000	 0.000	 0.042	 0.154	 0.000	 0.000	 0.000	 0.000	 0.026	 0.015	 0.022
													

	    Locus: FamMg3
	     N	   179	    11	    15	    24	    26	    14	    65	    18	    17	    19
	p: 176	 0.028	 0.091	 0.133	 0.458	 0.231	 0.000	 0.269	 0.139	 0.088	 0.000	 0.120	 0.144
	p: 178	 0.520	 0.000	 0.700	 0.063	 0.385	 0.000	 0.308	 0.028	 0.265	 0.237	 0.372	 0.250
	p: 180	 0.000	 0.000	 0.000	 0.000	 0.000	 0.000	 0.000	 0.250	 0.000	 0.000	 0.012	 0.025
	p: 186	 0.070	 0.409	 0.000	 0.000	 0.000	 0.000	 0.085	 0.056	 0.000	 0.026	 0.062	 0.065
	p: 190	 0.078	 0.000	 0.000	 0.021	 0.000	 0.000	 0.062	 0.000	 0.000	 0.000	 0.048	 0.016
	p: 192	 0.022	 0.091	 0.033	 0.021	 0.000	 0.000	 0.015	 0.000	 0.294	 0.053	 0.034	 0.053
	p: 194	 0.184	 0.136	 0.100	 0.083	 0.288	 0.000	 0.046	 0.028	 0.118	 0.026	 0.133	 0.101
	p: 196	 0.000	 0.000	 0.000	 0.000	 0.000	 0.000	 0.000	 0.000	 0.176	 0.000	 0.008	 0.018
	p: 200	 0.003	 0.000	 0.000	 0.000	 0.000	 0.000	 0.000	 0.000	 0.000	 0.000	 0.001	 0.000
	p: 202	 0.000	 0.000	 0.000	 0.000	 0.000	 0.000	 0.023	 0.000	 0.000	 0.000	 0.004	 0.002
	p: 204	 0.047	 0.136	 0.033	 0.021	 0.019	 0.786	 0.023	 0.111	 0.000	 0.053	 0.070	 0.123
	p: 206	 0.047	 0.136	 0.000	 0.333	 0.058	 0.214	 0.131	 0.333	 0.059	 0.605	 0.128	 0.192
	p: 210	 0.000	 0.000	 0.000	 0.000	 0.000	 0.000	 0.038	 0.000	 0.000	 0.000	 0.006	 0.004
	p: 220	 0.000	 0.000	 0.000	 0.000	 0.019	 0.000	 0.000	 0.056	 0.000	 0.000	 0.004	 0.007
													

	    Locus: Fam018
	     N	   179	    11	    15	    24	    26	    14	    65	    18	    17	    19
	p: 244	 0.475	 0.682	 0.533	 0.563	 0.462	 0.607	 0.415	 0.389	 0.559	 0.342	 0.476	 0.503
	p: 246	 0.525	 0.318	 0.467	 0.438	 0.538	 0.393	 0.585	 0.611	 0.441	 0.658	 0.524	 0.497
													

	    Locus: Tet403
	     N	   179	    11	    15	    24	    26	    14	    65	    18	    17	    19
	p: 102	 0.053	 0.000	 0.733	 0.042	 0.000	 0.036	 0.023	 0.167	 0.265	 0.132	 0.086	 0.145
	p: 104	 0.606	 0.682	 0.167	 0.125	 0.346	 0.357	 0.592	 0.528	 0.176	 0.105	 0.486	 0.368
	p: 106	 0.036	 0.000	 0.100	 0.354	 0.308	 0.607	 0.038	 0.000	 0.059	 0.105	 0.099	 0.161
	p: 108	 0.000	 0.000	 0.000	 0.000	 0.000	 0.000	 0.000	 0.222	 0.000	 0.000	 0.010	 0.022
	p: 110	 0.025	 0.091	 0.000	 0.146	 0.000	 0.000	 0.192	 0.000	 0.000	 0.237	 0.067	 0.069
	p: 112	 0.022	 0.045	 0.000	 0.042	 0.058	 0.000	 0.092	 0.000	 0.382	 0.000	 0.050	 0.064
	p: 114	 0.000	 0.000	 0.000	 0.000	 0.000	 0.000	 0.000	 0.056	 0.000	 0.000	 0.003	 0.006
	p: 116	 0.011	 0.000	 0.000	 0.021	 0.000	 0.000	 0.000	 0.000	 0.088	 0.026	 0.012	 0.015
	p: 118	 0.003	 0.000	 0.000	 0.000	 0.000	 0.000	 0.000	 0.000	 0.029	 0.000	 0.003	 0.003
	p: 122	 0.073	 0.045	 0.000	 0.000	 0.269	 0.000	 0.000	 0.000	 0.000	 0.211	 0.063	 0.060
	p: 124	 0.084	 0.136	 0.000	 0.083	 0.019	 0.000	 0.046	 0.000	 0.000	 0.053	 0.059	 0.042
	p: 128	 0.000	 0.000	 0.000	 0.000	 0.000	 0.000	 0.008	 0.028	 0.000	 0.000	 0.003	 0.004
	p: 142	 0.087	 0.000	 0.000	 0.188	 0.000	 0.000	 0.008	 0.000	 0.000	 0.132	 0.059	 0.041
													

	    Locus: TetE02
	     N	   179	    11	    15	    24	    26	    14	    65	    18	    17	    19
	p: 143	 0.000	 0.500	 0.033	 0.000	 0.212	 0.250	 0.185	 0.250	 0.029	 0.132	 0.089	 0.159
	p: 145	 0.036	 0.000	 0.000	 0.021	 0.000	 0.000	 0.015	 0.000	 0.000	 0.000	 0.021	 0.007
	p: 153	 0.003	 0.000	 0.000	 0.042	 0.000	 0.000	 0.038	 0.000	 0.000	 0.316	 0.026	 0.040
	p: 159	 0.003	 0.000	 0.000	 0.000	 0.000	 0.000	 0.000	 0.000	 0.000	 0.000	 0.001	 0.000
	p: 161	 0.008	 0.182	 0.133	 0.167	 0.000	 0.000	 0.254	 0.000	 0.000	 0.000	 0.067	 0.074
	p: 165	 0.000	 0.000	 0.000	 0.000	 0.000	 0.000	 0.023	 0.000	 0.000	 0.000	 0.004	 0.002
	p: 167	 0.190	 0.000	 0.033	 0.063	 0.058	 0.000	 0.138	 0.167	 0.294	 0.053	 0.143	 0.100
	p: 169	 0.017	 0.000	 0.000	 0.000	 0.000	 0.000	 0.008	 0.000	 0.059	 0.026	 0.013	 0.011
	p: 171	 0.000	 0.000	 0.000	 0.000	 0.000	 0.036	 0.046	 0.028	 0.000	 0.000	 0.010	 0.011
	p: 173	 0.198	 0.182	 0.233	 0.146	 0.192	 0.000	 0.085	 0.139	 0.441	 0.263	 0.180	 0.188
	p: 175	 0.006	 0.000	 0.433	 0.000	 0.327	 0.714	 0.015	 0.000	 0.000	 0.000	 0.070	 0.150
	p: 177	 0.008	 0.000	 0.067	 0.000	 0.154	 0.000	 0.054	 0.361	 0.000	 0.000	 0.043	 0.064
	p: 179	 0.000	 0.000	 0.000	 0.000	 0.000	 0.000	 0.023	 0.000	 0.000	 0.000	 0.004	 0.002
	p: 183	 0.466	 0.000	 0.000	 0.458	 0.058	 0.000	 0.108	 0.056	 0.176	 0.053	 0.278	 0.137
	p: 185	 0.031	 0.136	 0.067	 0.063	 0.000	 0.000	 0.008	 0.000	 0.000	 0.053	 0.028	 0.036
	p: 187	 0.034	 0.000	 0.000	 0.042	 0.000	 0.000	 0.000	 0.000	 0.000	 0.105	 0.023	 0.018
													

	    Locus: TetMC4
	     N	   179	    11	    15	    24	    26	    14	    65	    18	    16	    19
	p: 221	 0.589	 0.318	 0.267	 0.563	 0.712	 0.036	 0.762	 0.750	 0.406	 0.526	 0.581	 0.493
	p: 222	 0.304	 0.000	 0.200	 0.000	 0.173	 0.000	 0.138	 0.194	 0.000	 0.000	 0.193	 0.101
	p: 226	 0.050	 0.591	 0.533	 0.125	 0.115	 0.714	 0.069	 0.056	 0.344	 0.342	 0.147	 0.294
	p: 228	 0.056	 0.091	 0.000	 0.313	 0.000	 0.250	 0.031	 0.000	 0.250	 0.132	 0.079	 0.112
													

	    Locus: TetMC5
	     N	   179	    11	    15	    24	    26	    14	    65	    18	    17	    19
	p: 231	 0.768	 0.773	 1.000	 0.333	 0.904	 0.393	 0.615	 0.694	 0.618	 0.395	 0.692	 0.649
	p: 233	 0.000	 0.000	 0.000	 0.000	 0.000	 0.036	 0.000	 0.000	 0.000	 0.000	 0.001	 0.004
	p: 235	 0.232	 0.227	 0.000	 0.667	 0.096	 0.571	 0.385	 0.306	 0.382	 0.605	 0.307	 0.347
													

	    Locus: Hex406
	     N	   179	    11	    15	    24	    26	    14	    65	    18	    17	    19
	p:  93	 0.271	 0.000	 0.133	 0.354	 0.019	 0.000	 0.108	 0.222	 0.088	 0.132	 0.192	 0.133
	p:  95	 0.349	 0.500	 0.033	 0.104	 0.135	 0.000	 0.431	 0.500	 0.235	 0.500	 0.322	 0.279
	p:  97	 0.369	 0.000	 0.833	 0.438	 0.827	 1.000	 0.315	 0.139	 0.618	 0.342	 0.424	 0.488
	p: 101	 0.008	 0.500	 0.000	 0.104	 0.019	 0.000	 0.146	 0.028	 0.029	 0.026	 0.054	 0.086
	p: 103	 0.000	 0.000	 0.000	 0.000	 0.000	 0.000	 0.000	 0.028	 0.000	 0.000	 0.001	 0.003
	p: 107	 0.003	 0.000	 0.000	 0.000	 0.000	 0.000	 0.000	 0.083	 0.029	 0.000	 0.006	 0.012
													

	    Locus: Hex402
	     N	   179	    11	    15	    24	    26	    14	    65	    18	    17	    19
	p: 116	 0.000	 0.455	 0.000	 0.000	 0.058	 0.000	 0.000	 0.000	 0.059	 0.000	 0.019	 0.057
	p: 118	 0.014	 0.000	 0.000	 0.063	 0.019	 0.000	 0.292	 0.000	 0.000	 0.026	 0.062	 0.041
	p: 132	 0.140	 0.000	 0.767	 0.417	 0.558	 0.000	 0.100	 0.111	 0.618	 0.632	 0.237	 0.334
	p: 134	 0.078	 0.227	 0.000	 0.083	 0.038	 0.036	 0.038	 0.111	 0.000	 0.053	 0.066	 0.067
	p: 136	 0.168	 0.136	 0.000	 0.208	 0.019	 0.000	 0.192	 0.306	 0.059	 0.026	 0.146	 0.111
	p: 138	 0.000	 0.000	 0.000	 0.021	 0.000	 0.000	 0.000	 0.000	 0.000	 0.000	 0.001	 0.002
	p: 142	 0.377	 0.000	 0.000	 0.021	 0.154	 0.000	 0.008	 0.000	 0.118	 0.211	 0.202	 0.089
	p: 144	 0.011	 0.182	 0.133	 0.042	 0.077	 0.393	 0.077	 0.333	 0.000	 0.000	 0.066	 0.125
	p: 146	 0.204	 0.000	 0.100	 0.083	 0.058	 0.571	 0.254	 0.028	 0.118	 0.053	 0.179	 0.147
	p: 148	 0.008	 0.000	 0.000	 0.063	 0.019	 0.000	 0.038	 0.056	 0.029	 0.000	 0.019	 0.021
	p: 152	 0.000	 0.000	 0.000	 0.000	 0.000	 0.000	 0.000	 0.056	 0.000	 0.000	 0.003	 0.006
													

	    Locus: HexA05
	     N	   179	    11	    15	    24	    26	    14	    65	    18	    17	    19
	p: 194	 0.112	 0.091	 0.033	 0.250	 0.135	 0.036	 0.262	 0.000	 0.118	 0.105	 0.135	 0.114
	p: 196	 0.000	 0.000	 0.000	 0.042	 0.000	 0.000	 0.000	 0.000	 0.000	 0.000	 0.003	 0.004
	p: 198	 0.648	 0.682	 0.967	 0.667	 0.577	 0.607	 0.592	 1.000	 0.706	 0.632	 0.665	 0.708
	p: 200	 0.223	 0.227	 0.000	 0.042	 0.288	 0.357	 0.138	 0.000	 0.147	 0.211	 0.184	 0.163
	p: 202	 0.017	 0.000	 0.000	 0.000	 0.000	 0.000	 0.008	 0.000	 0.029	 0.053	 0.013	 0.011
													

	    Locus: HexH03
	     N	   179	    11	    15	    24	    26	    14	    65	    18	    17	    19
	p: 249	 0.011	 0.000	 0.000	 0.000	 0.000	 0.964	 0.008	 0.000	 0.000	 0.000	 0.041	 0.098
	p: 251	 0.031	 0.000	 0.033	 0.083	 0.038	 0.000	 0.031	 0.194	 0.088	 0.053	 0.044	 0.055
	p: 255	 0.000	 0.000	 0.000	 0.021	 0.000	 0.000	 0.054	 0.000	 0.000	 0.000	 0.010	 0.007
	p: 257	 0.165	 0.136	 0.033	 0.417	 0.000	 0.000	 0.323	 0.167	 0.059	 0.237	 0.183	 0.154
	p: 259	 0.022	 0.000	 0.133	 0.063	 0.000	 0.000	 0.015	 0.111	 0.000	 0.289	 0.041	 0.063
	p: 261	 0.092	 0.318	 0.000	 0.000	 0.212	 0.036	 0.231	 0.167	 0.235	 0.211	 0.134	 0.150
	p: 263	 0.045	 0.182	 0.000	 0.063	 0.000	 0.000	 0.008	 0.000	 0.000	 0.053	 0.034	 0.035
	p: 265	 0.000	 0.000	 0.000	 0.000	 0.000	 0.000	 0.092	 0.000	 0.000	 0.000	 0.015	 0.009
	p: 267	 0.000	 0.000	 0.000	 0.000	 0.288	 0.000	 0.000	 0.028	 0.029	 0.000	 0.022	 0.035
	p: 269	 0.006	 0.318	 0.033	 0.063	 0.077	 0.000	 0.100	 0.111	 0.000	 0.000	 0.044	 0.071
	p: 271	 0.134	 0.000	 0.200	 0.021	 0.231	 0.000	 0.092	 0.000	 0.206	 0.053	 0.113	 0.094
	p: 273	 0.000	 0.000	 0.100	 0.021	 0.000	 0.000	 0.000	 0.000	 0.294	 0.026	 0.019	 0.044
	p: 275	 0.006	 0.000	 0.000	 0.000	 0.000	 0.000	 0.000	 0.000	 0.000	 0.000	 0.003	 0.001
	p: 279	 0.000	 0.000	 0.000	 0.000	 0.000	 0.000	 0.000	 0.083	 0.000	 0.000	 0.004	 0.008
	p: 281	 0.003	 0.000	 0.233	 0.000	 0.000	 0.000	 0.015	 0.000	 0.000	 0.026	 0.014	 0.028
	p: 283	 0.265	 0.000	 0.233	 0.104	 0.058	 0.000	 0.000	 0.083	 0.088	 0.053	 0.152	 0.088
	p: 285	 0.000	 0.000	 0.000	 0.021	 0.000	 0.000	 0.000	 0.000	 0.000	 0.000	 0.001	 0.002
	p: 287	 0.053	 0.000	 0.000	 0.000	 0.000	 0.000	 0.000	 0.000	 0.000	 0.000	 0.024	 0.005
	p: 289	 0.056	 0.000	 0.000	 0.000	 0.000	 0.000	 0.023	 0.000	 0.000	 0.000	 0.030	 0.008
	p: 291	 0.000	 0.000	 0.000	 0.021	 0.077	 0.000	 0.000	 0.056	 0.000	 0.000	 0.009	 0.015
	p: 295	 0.109	 0.045	 0.000	 0.104	 0.000	 0.000	 0.008	 0.000	 0.000	 0.000	 0.059	 0.027
	p: 297	 0.003	 0.000	 0.000	 0.000	 0.019	 0.000	 0.000	 0.000	 0.000	 0.000	 0.003	 0.002
													

************************************************

	Gene diversity per locus and population : 
	Fam001	 0.433	 0.605	 0.762	 0.691	 0.528	 0.533	 0.751	 0.680	 0.654	 0.424
	FamMg3	 0.682	 0.809	 0.493	 0.681	 0.726	 0.346	 0.806	 0.810	 0.805	 0.589
	Fam018	 0.501	 0.473	 0.514	 0.502	 0.508	 0.495	 0.488	 0.493	 0.507	 0.465
	Tet403	 0.609	 0.541	 0.440	 0.811	 0.726	 0.527	 0.604	 0.663	 0.759	 0.863
	TetE02	 0.706	 0.727	 0.760	 0.750	 0.798	 0.445	 0.863	 0.781	 0.702	 0.820
	TetMC4	 0.556	 0.582	 0.624	 0.588	 0.462	 0.437	 0.398	 0.407	 0.671	 0.605
	TetMC5	 0.357	 0.382	 0.000	 0.455	 0.177	 0.547	 0.478	 0.435	 0.485	 0.491
	Hex406	 0.671	 0.536	 0.302	 0.675	 0.304	 0.000	 0.688	 0.694	 0.564	 0.632
	Hex402	 0.765	 0.750	 0.400	 0.778	 0.663	 0.541	 0.802	 0.794	 0.601	 0.566
	HexA05	 0.519	 0.509	 0.067	 0.499	 0.575	 0.538	 0.566	 0.000	 0.476	 0.561
	HexH03	 0.857	 0.800	 0.852	 0.803	 0.818	 0.071	 0.818	 0.895	 0.814	 0.830

************************************************

	number of alleles sampled : 
	Fam001	     7	     3	     5	     8	     4	     2	     7	     3	     3	     4	     8
	FamMg3	     9	     6	     5	     7	     6	     2	    10	     8	     6	     6	    14
	Fam018	     2	     2	     2	     2	     2	     2	     2	     2	     2	     2	     2
	Tet403	    10	     5	     3	     8	     5	     3	     8	     5	     6	     8	    13
	TetE02	    12	     4	     7	     8	     6	     3	    14	     6	     5	     8	    16
	TetMC4	     4	     3	     3	     3	     3	     3	     4	     3	     3	     3	     4
	TetMC5	     2	     2	     1	     2	     2	     3	     2	     2	     2	     2	     3
	Hex406	     5	     2	     3	     4	     4	     1	     4	     6	     5	     4	     6
	Hex402	     8	     4	     3	     9	     9	     3	     8	     7	     6	     6	    11
	HexA05	     4	     3	     2	     4	     3	     3	     4	     1	     4	     4	     5
	HexH03	    15	     5	     8	    12	     8	     2	    13	     9	     7	     9	    22

************************************************

	Allelic Richness per locus and population
	based on min. sample size of:   11 diploid individuals.
	Fam001	 3.602	 3.000	 4.933	 6.185	 3.411	 2.000	 5.616	 3.000	 3.000	 3.158	 5.087
	FamMg3	 5.913	 6.000	 4.450	 5.148	 4.662	 2.000	 7.089	 6.911	 5.834	 4.816	 7.325
	Fam018	 2.000	 2.000	 2.000	 2.000	 2.000	 2.000	 2.000	 2.000	 2.000	 2.000	 2.000
	Tet403	 5.958	 5.000	 2.986	 6.776	 4.239	 2.786	 4.955	 4.465	 5.492	 7.341	 7.099
	TetE02	 5.507	 4.000	 6.335	 6.568	 5.622	 2.786	 8.627	 5.460	 4.529	 7.033	 8.384
	TetMC4	 3.418	 3.000	 3.000	 2.981	 2.967	 2.786	 3.323	 2.855	 3.000	 2.991	 3.803
	TetMC5	 1.998	 2.000	 1.000	 2.000	 1.945	 2.786	 2.000	 2.000	 2.000	 2.000	 2.028
	Hex406	 3.234	 2.000	 2.731	 3.923	 2.831	 1.000	 3.914	 5.166	 4.257	 3.570	 3.865
	Hex402	 5.461	 4.000	 2.984	 7.173	 6.465	 2.786	 6.160	 6.288	 5.390	 4.816	 7.060
	HexA05	 3.247	 3.000	 1.733	 3.424	 2.985	 2.786	 3.141	 1.000	 3.634	 3.804	 3.258
	HexH03	 8.339	 5.000	 7.184	 8.687	 6.707	 1.786	 7.549	 8.327	 6.456	 7.475	10.450

************************************************

	Fis Per population : 
	Fam001	 0.058	 0.699	 0.037	 0.096	-0.019	 0.732	 0.467	 0.019	-0.348	 0.131
	FamMg3	 0.197	 0.326	-0.217	 0.021	 0.047	-0.238	 0.046	 0.040	-0.242	 0.196
	Fam018	 0.286	 0.808	-0.037	-0.079	 0.091	-0.011	-0.260	 0.325	-0.043	 0.208
	Tet403	 0.184	 0.496	 0.092	 0.126	 0.206	 0.323	 0.007	 0.246	-0.162	 0.024
	TetE02	 0.232	 0.875	 0.210	 0.333	 0.084	 0.198	 0.216	 0.146	-0.089	 0.230
	TetMC4	 0.156	 0.531	-0.069	 0.433	 0.250	-0.308	 0.034	-0.092	-0.211	 0.043
	TetMC5	 0.140	 0.762	    NA	 0.084	-0.087	 0.477	 0.227	-0.150	-0.091	 0.036
	Hex406	 0.351	 0.492	 0.559	-0.050	 0.114	    NA	 0.173	 0.120	-0.355	 0.000
	Hex402	 0.182	 0.758	 0.167	 0.197	 0.014	 0.208	 0.213	 0.370	 0.021	 0.070
	HexA05	 0.247	 0.464	 0.000	-0.085	-0.205	 0.867	 0.104	    NA	-0.236	 0.250
	HexH03	 0.146	 0.545	 0.140	 0.117	 0.060	 0.000	 0.210	 0.255	-0.228	 0.239

	All 	 0.202	 0.607	 0.079	 0.118	 0.058	 0.283	 0.151	 0.148	-0.185	 0.131

************************************************
	Nei's estimation of heterozygosity 

	LocName	    Ho	    Hs	    Ht	   Dst	  Dst'	   Ht'	   Gst	  Gst'	   Gis
	Fam001	 0.495	 0.605	 0.715	 0.110	 0.122	 0.727	 0.153	 0.168	 0.183
	FamMg3	 0.650	 0.675	 0.848	 0.173	 0.192	 0.867	 0.204	 0.221	 0.037
	Fam018	 0.433	 0.494	 0.501	 0.007	 0.008	 0.502	 0.015	 0.017	 0.123
	Tet403	 0.564	 0.654	 0.802	 0.148	 0.165	 0.819	 0.184	 0.201	 0.139
	TetE02	 0.556	 0.735	 0.877	 0.142	 0.158	 0.893	 0.162	 0.177	 0.243
	TetMC4	 0.488	 0.533	 0.649	 0.117	 0.130	 0.662	 0.180	 0.196	 0.084
	TetMC5	 0.317	 0.380	 0.459	 0.079	 0.088	 0.468	 0.172	 0.187	 0.167
	Hex406	 0.440	 0.508	 0.660	 0.152	 0.169	 0.677	 0.231	 0.250	 0.135
	Hex402	 0.509	 0.666	 0.823	 0.157	 0.175	 0.841	 0.191	 0.208	 0.235
	HexA05	 0.355	 0.431	 0.461	 0.029	 0.033	 0.464	 0.064	 0.071	 0.176
	HexH03	 0.632	 0.757	 0.911	 0.155	 0.172	 0.929	 0.170	 0.185	 0.164

	Overall	 0.494	 0.585	 0.701	 0.115	 0.128	 0.714	 0.165	 0.180	 0.155

************************************************
	Weir & Cockerham (1984) estimation of Fit (CapF), Fst (theta) and Fis (smallF).
	relat is Relatedness estimated following Queller & Goodnight (1989)
	relatc is relatedness inbreeding corrected following Pamilo (1984, 1985)
	sig_a, sig_b and sig_w are the component of variance
	among samples, among individuals within samples and within individuals respectively.


	 For locus : Fam001
	Allele	  Capf	 Theta	Smallf	 Relat	Relatc	 Sig_a	 Sig_b	 Sig_w
	  109	 0.309	 0.195	 0.141	 0.299
	  113	 0.923	 0.054	 0.919	 0.056
	  117	 0.277	 0.197	 0.099	 0.309
	  119	 0.276	 0.188	 0.108	 0.295
	  121	 0.354	 0.042	 0.326	 0.062
	  125	-0.009	 0.001	-0.010	 0.003
	  127	 0.421	 0.256	 0.222	 0.361
	  129	 0.179	 0.113	 0.075	 0.192
	  All	 0.318	 0.179	 0.170	 0.271	-0.409	 0.119	 0.093	 0.456

	 For locus : FamMg3
	Allele	  Capf	 Theta	Smallf	 Relat	Relatc	 Sig_a	 Sig_b	 Sig_w
	  176	 0.177	 0.192	-0.019	 0.327
	  178	 0.293	 0.187	 0.130	 0.289
	  180	 0.480	 0.287	 0.271	 0.388
	  186	 0.349	 0.085	 0.289	 0.126
	  190	 0.295	 0.016	 0.283	 0.025
	  192	 0.153	 0.122	 0.036	 0.211
	  194	 0.129	 0.053	 0.080	 0.095
	  196	 0.047	 0.207	-0.202	 0.396
	  200	-0.004	-0.014	 0.010	-0.028
	  202	 0.000	 0.011	-0.011	 0.021
	  204	 0.460	 0.364	 0.151	 0.498
	  206	 0.225	 0.218	 0.009	 0.356
	  210	 0.002	 0.028	-0.027	 0.057
	  220	 0.007	 0.038	-0.032	 0.076
	  All	 0.253	 0.168	 0.102	 0.268	-0.227	 0.141	 0.071	 0.626

	 For locus : Fam018
	Allele	  Capf	 Theta	Smallf	 Relat	Relatc	 Sig_a	 Sig_b	 Sig_w
	  244	 0.140	 0.007	 0.134	 0.012
	  246	 0.140	 0.007	 0.134	 0.012
	  All	 0.140	 0.007	 0.134	 0.012	-0.309	 0.004	 0.067	 0.430

	 For locus : Tet403
	Allele	  Capf	 Theta	Smallf	 Relat	Relatc	 Sig_a	 Sig_b	 Sig_w
	  102	 0.474	 0.303	 0.245	 0.411
	  104	 0.295	 0.165	 0.155	 0.255
	  106	 0.423	 0.260	 0.220	 0.366
	  108	 0.764	 0.250	 0.686	 0.283
	  110	 0.122	 0.118	 0.005	 0.210
	  112	 0.144	 0.148	-0.004	 0.258
	  114	 0.013	 0.056	-0.046	 0.111
	  116	-0.004	 0.023	-0.028	 0.046
	  118	-0.001	 0.003	-0.003	 0.005
	  122	 0.133	 0.108	 0.028	 0.191
	  124	 0.218	 0.010	 0.210	 0.017
	  128	-0.000	 0.005	-0.005	 0.010
	  142	 0.136	 0.055	 0.085	 0.097
	  All	 0.275	 0.161	 0.136	 0.252	-0.316	 0.123	 0.087	 0.552

	 For locus : TetE02
	Allele	  Capf	 Theta	Smallf	 Relat	Relatc	 Sig_a	 Sig_b	 Sig_w
	  143	 0.383	 0.205	 0.224	 0.296
	  145	-0.019	 0.001	-0.021	 0.003
	  153	 0.419	 0.217	 0.259	 0.305
	  159	-0.004	-0.014	 0.010	-0.028
	  161	 0.490	 0.181	 0.377	 0.243
	  165	 0.000	 0.011	-0.011	 0.021
	  167	 0.179	 0.038	 0.146	 0.065
	  169	-0.011	 0.001	-0.013	 0.003
	  171	-0.002	 0.029	-0.031	 0.058
	  173	 0.259	 0.040	 0.229	 0.063
	  175	 0.654	 0.498	 0.310	 0.603
	  177	 0.369	 0.190	 0.221	 0.277
	  179	 0.666	-0.000	 0.666	-0.000
	  183	 0.434	 0.235	 0.261	 0.328
	  185	 0.349	 0.014	 0.339	 0.021
	  187	 0.096	 0.021	 0.077	 0.038
	  All	 0.348	 0.161	 0.223	 0.239	-0.574	 0.143	 0.166	 0.577

	 For locus : TetMC4
	Allele	  Capf	 Theta	Smallf	 Relat	Relatc	 Sig_a	 Sig_b	 Sig_w
	  221	 0.271	 0.123	 0.169	 0.194
	  222	 0.169	 0.106	 0.070	 0.182
	  226	 0.320	 0.309	 0.016	 0.468
	  228	 0.293	 0.116	 0.200	 0.180
	  All	 0.258	 0.159	 0.118	 0.252	-0.268	 0.099	 0.062	 0.463

	 For locus : TetMC5
	Allele	  Capf	 Theta	Smallf	 Relat	Relatc	 Sig_a	 Sig_b	 Sig_w
	  231	 0.274	 0.145	 0.151	 0.227
	  233	 0.008	 0.031	-0.024	 0.062
	  235	 0.265	 0.141	 0.145	 0.222
	  All	 0.269	 0.142	 0.147	 0.224	-0.345	 0.063	 0.056	 0.325

	 For locus : Hex406
	Allele	  Capf	 Theta	Smallf	 Relat	Relatc	 Sig_a	 Sig_b	 Sig_w
	   93	 0.341	 0.074	 0.288	 0.111
	   95	 0.345	 0.095	 0.276	 0.142
	   97	 0.358	 0.213	 0.184	 0.313
	  101	 0.237	 0.201	 0.046	 0.325
	  103	 0.005	 0.020	-0.016	 0.041
	  107	 0.404	 0.046	 0.375	 0.066
	  All	 0.340	 0.141	 0.232	 0.211	-0.604	 0.099	 0.140	 0.464

	 For locus : Hex402
	Allele	  Capf	 Theta	Smallf	 Relat	Relatc	 Sig_a	 Sig_b	 Sig_w
	  116	 0.938	 0.359	 0.904	 0.370
	  118	 0.373	 0.224	 0.193	 0.326
	  132	 0.409	 0.301	 0.156	 0.427
	  134	 0.144	 0.015	 0.131	 0.027
	  136	 0.335	 0.042	 0.306	 0.062
	  138	 0.003	 0.011	-0.008	 0.022
	  142	 0.420	 0.214	 0.262	 0.301
	  144	 0.302	 0.186	 0.142	 0.285
	  146	 0.170	 0.087	 0.091	 0.149
	  148	-0.016	 0.010	-0.026	 0.020
	  152	 0.013	 0.056	-0.046	 0.111
	  All	 0.332	 0.170	 0.196	 0.255	-0.487	 0.149	 0.142	 0.585

	 For locus : HexA05
	Allele	  Capf	 Theta	Smallf	 Relat	Relatc	 Sig_a	 Sig_b	 Sig_w
	  194	 0.120	 0.046	 0.077	 0.082
	  196	 0.008	 0.038	-0.030	 0.075
	  198	 0.212	 0.045	 0.175	 0.075
	  200	 0.281	 0.045	 0.247	 0.070
	  202	 0.190	-0.003	 0.193	-0.005
	  All	 0.210	 0.044	 0.173	 0.073	-0.419	 0.023	 0.085	 0.405

	 For locus : HexH03
	Allele	  Capf	 Theta	Smallf	 Relat	Relatc	 Sig_a	 Sig_b	 Sig_w
	  249	 0.847	 0.848	-0.002	 0.918
	  251	 0.025	 0.032	-0.007	 0.063
	  255	 0.750	 0.027	 0.743	 0.031
	  257	 0.226	 0.090	 0.150	 0.146
	  259	 0.558	 0.117	 0.500	 0.150
	  261	 0.170	 0.060	 0.117	 0.102
	  263	 0.447	 0.025	 0.434	 0.034
	  265	 0.669	 0.079	 0.641	 0.095
	  267	 0.278	 0.290	-0.017	 0.454
	  269	 0.223	 0.106	 0.131	 0.173
	  271	 0.087	 0.037	 0.052	 0.068
	  273	 0.047	 0.249	-0.269	 0.475
	  275	-0.004	-0.012	 0.007	-0.024
	  279	 0.673	 0.082	 0.644	 0.098
	  281	 0.383	 0.166	 0.260	 0.241
	  283	 0.226	 0.118	 0.122	 0.192
	  285	 0.003	 0.011	-0.008	 0.022
	  287	 0.410	 0.018	 0.400	 0.025
	  289	 0.064	 0.014	 0.050	 0.027
	  291	 0.007	 0.058	-0.054	 0.115
	  295	 0.179	 0.048	 0.139	 0.081
	  297	-0.002	-0.004	 0.002	-0.009
	  All	 0.259	 0.124	 0.154	 0.196	-0.365	 0.115	 0.126	 0.688

************************************************

		 Over all loci
		  Capf	 Theta	Smallf	 Relat	Relatc	 Sig_a	 Sig_b	 Sig_w
		 0.280	 0.139	 0.164	 0.217	-0.365	 1.077	 1.095	 5.571

************************************************

	Rst Over all samples estimated following Rousset (1996) and Goodman (1997)

		   Rst	  siga	  sigb	  sigw	 amean	 astdev
	Fam001	 0.141	   2.0	   3.3	   9.0	119.42	 3.7228
	FamMg3	 0.213	  28.9	   3.9	 103.2	187.45	11.3297
	Fam018	 0.007	   0.0	   0.1	   0.9	245.05	 0.9988
	Tet403	 0.086	   9.5	   9.0	  91.8	109.71	10.3746
	TetE02	 0.239	  40.0	  29.5	  97.6	171.24	12.5100
	TetMC4	 0.299	   1.8	   0.8	   3.5	222.48	 2.3546
	TetMC5	 0.143	   0.5	   0.4	   2.6	232.23	 1.8442
	Hex406	 0.112	   0.5	   1.0	   3.2	 95.88	 2.1575
	Hex402	 0.201	  13.4	  12.2	  41.2	137.23	 7.9483
	HexA05	 0.050	   0.2	   0.4	   2.6	197.87	 1.7614
	HexH03	 0.267	  49.6	  32.5	 103.9	268.78	13.1499

	  Rst over loci	  Weighted	   Goodman	Unweighted
	           Rst:	    0.2095	    0.1618	    0.1597

************************************************

************************************************
	Jackknifing over populations.

	 For locus : Fam001
		  Capf	 Theta	Smallf	 Relat
	 Total	 0.314	 0.186	 0.163	 0.281	 Means
	      	 0.070	 0.059	 0.114	 0.094	 Std. Err.

	 For locus : FamMg3
		  Capf	 Theta	Smallf	 Relat
	 Total	 0.261	 0.151	 0.130	 0.241	 Means
	      	 0.075	 0.051	 0.079	 0.074	 Std. Err.

	 For locus : Fam018
		  Capf	 Theta	Smallf	 Relat
	 Total	 0.178	 0.001	 0.178	-0.001	 Means
	      	 0.140	 0.012	 0.149	 0.024	 Std. Err.

	 For locus : Tet403
		  Capf	 Theta	Smallf	 Relat
	 Total	 0.263	 0.137	 0.147	 0.219	 Means
	      	 0.048	 0.047	 0.047	 0.069	 Std. Err.

	 For locus : TetE02
		  Capf	 Theta	Smallf	 Relat
	 Total	 0.352	 0.164	 0.225	 0.243	 Means
	      	 0.038	 0.036	 0.026	 0.047	 Std. Err.

	 For locus : TetMC4
		  Capf	 Theta	Smallf	 Relat
	 Total	 0.247	 0.133	 0.134	 0.216	 Means
	      	 0.047	 0.060	 0.052	 0.090	 Std. Err.

	 For locus : TetMC5
		  Capf	 Theta	Smallf	 Relat
	 Total	 0.248	 0.119	 0.147	 0.195	 Means
	      	 0.056	 0.063	 0.039	 0.092	 Std. Err.

	 For locus : Hex406
		  Capf	 Theta	Smallf	 Relat
	 Total	 0.346	 0.095	 0.288	 0.140	 Means
	      	 0.074	 0.079	 0.127	 0.123	 Std. Err.

	 For locus : Hex402
		  Capf	 Theta	Smallf	 Relat
	 Total	 0.319	 0.158	 0.191	 0.241	 Means
	      	 0.034	 0.026	 0.026	 0.033	 Std. Err.

	 For locus : HexA05
		  Capf	 Theta	Smallf	 Relat
	 Total	 0.220	 0.027	 0.200	 0.044	 Means
	      	 0.069	 0.034	 0.085	 0.059	 Std. Err.

	 For locus : HexH03
		  Capf	 Theta	Smallf	 Relat
	 Total	 0.238	 0.100	 0.153	 0.166	 Means
	      	 0.053	 0.056	 0.025	 0.082	 Std. Err.

************************************************

	 Jackknifing over loci.

		  Capf	 Theta	Smallf	 Relat
	 total	 0.281	 0.140	 0.164	 0.218	 Means
	      	 0.017	 0.013	 0.014	 0.019	 Std. Err.

************************************************
	         Bootstrapping over Loci.

	         95% Confidence Interval.

		  CapF	 theta	Smallf	 Relat
		 0.246	 0.110	 0.139	 0.175
		 0.310	 0.160	 0.189	 0.247

	         99% Confidence Interval.

		  CapF	 theta	Smallf	 Relat
		 0.234	 0.098	 0.132	 0.158
		 0.318	 0.164	 0.196	 0.253


************************************************
	Randomising genotypes among samples.

	test based on :   100 randomisations.

	testing for population differentiation,
	NOT ASSUMING RANDOM MATING within samples.
	Statistic used is the log-likelihood G (Goudet et al, 1996)


	Number of complete multilocus genotypes in the different samples: 
		179	11	15	24	26	14	65	18	16	19

Fam001	Prop rand. larger than observed< 	   0.01000
FamMg3	Prop rand. larger than observed< 	   0.01000
Fam018	Prop rand. larger than observed in [	   0.18000	   0.18000]
Tet403	Prop rand. larger than observed< 	   0.01000
TetE02	Prop rand. larger than observed< 	   0.01000
TetMC4	Prop rand. larger than observed< 	   0.01000
TetMC5	Prop rand. larger than observed< 	   0.01000
Hex406	Prop rand. larger than observed< 	   0.01000
Hex402	Prop rand. larger than observed< 	   0.01000
HexA05	Prop rand. larger than observed< 	   0.01000
HexH03	Prop rand. larger than observed< 	   0.01000
All Loci	Prop rand. larger than observed< 	   0.01000
